<?xml version="1.0" encoding="UTF-8"?>
<testsuite xmlns:xsi="http://www.w3.org/2001/XMLSchema-instance" xsi:noNamespaceSchemaLocation="https://maven.apache.org/surefire/maven-surefire-plugin/xsd/surefire-test-report-3.0.xsd" version="3.0" name="TestSuite" time="192.326" tests="6" errors="0" skipped="0" failures="0">
  <properties>
[...]
</properties>
  <testcase name="shouldNavigateToTheStepWhenClickedOnTheButtonBar" classname="IOSTest" time="9.82">
    <system-out><![CDATA[Server started
&amp#27;[35m[HTTP]&amp#27;[39m Could not start REST http interface listener. The requested port may already be in use. Please make sure there is no other instance of this server running already.
Fatal Error: listen EADDRINUSE: address already in use 127.0.0.1:4723
    at Server.setupListenHandle [as _listen2] (net.js:1313:16)
    at listenInCluster (net.js:1361:12)
    at doListen (net.js:1498:7)
    at processTicksAndRejections (internal/process/task_queues.js:85:21)
]]></system-out>
    <system-err><![CDATA[SLF4J: Failed to load class "org.slf4j.impl.StaticLoggerBinder".
SLF4J: Defaulting to no-operation (NOP) logger implementation
SLF4J: See http://www.slf4j.org/codes.html#StaticLoggerBinder for further details.
Jul 27, 2020 5:12:40 PM io.appium.java_client.remote.AppiumCommandExecutor$1 lambda$0
INFO: Detected dialect: W3C
]]></system-err>
  </testcase>
  <testcase name="shouldNotAcceptLifestyleInputsLessThan10Characters" classname="IOSTest" time="44.531"/>
  <testcase name="shouldRememberPreviousValuesWhenTheUserReturns" classname="IOSTest" time="7.774"/>
  <testcase name="shouldResetTheSurveyIfRetakeButtonIsPressed" classname="IOSTest" time="38.639"/>
  <testcase name="shouldShowAnErrorMessageIfTheSelectedAgeIsLessThan13" classname="IOSTest" time="11.277"/>
  <testcase name="shouldShowFinishPageIfAllInputsAreValid" classname="IOSTest" time="38.026"/>
</testsuite>