<?xml version="1.0" encoding="UTF-8"?>
<!-- Generated by org.testng.reporters.JUnitXMLReporter -->
<testsuite ignored="0" hostname="MacBook-Pro.local" failures="0" tests="6" name="Project2Test" time="186.198" errors="0" timestamp="2020-07-27T17:15:44 TRT">
  <testcase classname="IOSTest" name="shouldNavigateToTheStepWhenClickedOnTheButtonBar" time="9.844"/>
  <testcase classname="IOSTest" name="shouldNotAcceptLifestyleInputsLessThan10Characters" time="44.531"/>
  <testcase classname="IOSTest" name="shouldRememberPreviousValuesWhenTheUserReturns" time="7.773"/>
  <testcase classname="IOSTest" name="shouldResetTheSurveyIfRetakeButtonIsPressed" time="38.638"/>
  <testcase classname="IOSTest" name="shouldShowAnErrorMessageIfTheSelectedAgeIsLessThan13" time="11.278"/>
  <testcase classname="IOSTest" name="shouldShowFinishPageIfAllInputsAreValid" time="38.027"/>
</testsuite> <!-- Project2Test -->
